<?xml version="1.0" encoding="UTF-8"?>
<!-- Generated by org.testng.reporters.JUnitXMLReporter -->
<testsuite hostname="PUNL2T4QMQ2" ignored="0" name="Test Maven Testing" tests="12" failures="0" timestamp="04 Aug 2019 07:23:48 GMT" time="0.028" errors="0">
  <testcase name="div" time="0.01" classname="com.qa.tests.DemoTest"/>
  <testcase name="multi" time="0.0" classname="com.qa.tests.DemoTest"/>
  <testcase name="sub" time="0.0" classname="com.qa.tests.DemoTest"/>
  <testcase name="sum" time="0.0" classname="com.qa.tests.DemoTest"/>
  <testcase name="div" time="0.0" classname="com.qa.tests.DemoTest1"/>
  <testcase name="multi" time="0.0" classname="com.qa.tests.DemoTest1"/>
  <testcase name="sub" time="0.0" classname="com.qa.tests.DemoTest1"/>
  <testcase name="sum" time="0.0" classname="com.qa.tests.DemoTest1"/>
  <testcase name="div" time="0.001" classname="com.qa.tests.DemoTest2"/>
  <testcase name="multi" time="0.0" classname="com.qa.tests.DemoTest2"/>
  <testcase name="sub" time="0.0" classname="com.qa.tests.DemoTest2"/>
  <testcase name="sum" time="0.0" classname="com.qa.tests.DemoTest2"/>
</testsuite> <!-- Test Maven Testing -->
